


materialPath: D:\Program Files\Steam\steamapps\common\GarrysMod\garrysmod\materials
Loading E:\Gmod MAPS\cozysbox mobenix\mobenix_but_cooler.vmf
ConVarRef mat_reduceparticles doesn't point to an existing ConVar
Can't find surfaceprop panel for material METAL/PRODVENTA, using default
Patching WVT material: maps/mobenix_but_cooler/gm_construct/grass_13_wvt_patch
Patching WVT material: maps/mobenix_but_cooler/nature/infblendgrassdirt001a_wvt_patch
Patching WVT material: maps/mobenix_but_cooler/nature/blendsandsand008b_antlion_wvt_patch
fixing up env_cubemap materials on brush sides...
0...1...2...3...4...5...6...7...8...9...100...1...2...3...4...5...6...7...8...9...10Processing areas...done (0)
Building Faces...done (0)
Chop Details...done (0)
Find Visible Detail Sides...
Merged 12 detail faces...done (0)
Merging details...done (0)
FixTjuncs...
PruneNodes...
WriteBSP...
done (1)
writing E:\Gmod MAPS\cozysbox mobenix\mobenix_but_cooler.prt...Building visibility clusters...
done (0)
No such variable "$basetexture" for material "skybox/paintedrt"
Can't load skybox file skybox/painted to build the default cubemap!
No such variable "$basetexture" for material "skybox/paintedrt"
Can't load skybox file skybox/painted to build the default cubemap!
Finding displacement neighbors...
Found a displacement edge abutting multiple other edges.
Finding lightmap sample positions...
Displacement Alpha : 0...1...2...3...4...5...6...7...8...9...10
Building Physics collision data...
WARNING: Map using power 4 displacements, terrain physics cannot be compressed, map will need additional memory and CPU.
done (0) (1805973 bytes)
Placing detail props : 0...1...2...3...4...5...6...7...8...9...10
Water found with no water_lod_control entity, creating a default one.
Compacting texture/material tables...
Reduced 2128 texinfos to 1435
Reduced 135 texdatas to 119 (3585 bytes to 2820)
Writing E:\Gmod MAPS\cozysbox mobenix\mobenix_but_cooler.bsp
12 seconds elapsed



materialPath: D:\Program Files\Steam\steamapps\common\GarrysMod\garrysmod\materials
Loading E:\Gmod MAPS\cozysbox mobenix\mobenix_but_cooler.vmf
ConVarRef mat_reduceparticles doesn't point to an existing ConVar
Can't find surfaceprop panel for material METAL/PRODVENTA, using default
Patching WVT material: maps/mobenix_but_cooler/gm_construct/grass_13_wvt_patch
Patching WVT material: maps/mobenix_but_cooler/nature/infblendgrassdirt001a_wvt_patch
Patching WVT material: maps/mobenix_but_cooler/nature/blendsandsand008b_antlion_wvt_patch
fixing up env_cubemap materials on brush sides...
0...1...2...3...4...5...6...7...8...9...100...1...2...3...4...5...6...7...8...9...10Processing areas...done (0)
Building Faces...done (0)
Chop Details...done (0)
Find Visible Detail Sides...
Merged 12 detail faces...done (0)
Merging details...done (0)
FixTjuncs...
PruneNodes...
WriteBSP...
done (1)
writing E:\Gmod MAPS\cozysbox mobenix\mobenix_but_cooler.prt...Building visibility clusters...
done (0)
No such variable "$basetexture" for material "skybox/paintedrt"
Can't load skybox file skybox/painted to build the default cubemap!
No such variable "$basetexture" for material "skybox/paintedrt"
Can't load skybox file skybox/painted to build the default cubemap!
Finding displacement neighbors...
Found a displacement edge abutting multiple other edges.
Finding lightmap sample positions...
Displacement Alpha : 0...1...2...3...4...5...6...7...8...9...10
Building Physics collision data...
WARNING: Map using power 4 displacements, terrain physics cannot be compressed, map will need additional memory and CPU.
done (1) (1805973 bytes)
Placing detail props : 0...1...2...3...4...5...6...7...8...9...10
Water found with no water_lod_control entity, creating a default one.
Compacting texture/material tables...
Reduced 2128 texinfos to 1435
Reduced 135 texdatas to 119 (3585 bytes to 2820)
Writing E:\Gmod MAPS\cozysbox mobenix\mobenix_but_cooler.bsp
12 seconds elapsed



4 threads
reading e:\gmod maps\cozysbox mobenix\mobenix_but_cooler.bsp
reading e:\gmod maps\cozysbox mobenix\mobenix_but_cooler.prt
3241 portalclusters
8157 numportals
0...1...2...3...4...5...6...7...8...9...10Optimized: 273983 visible clusters (4.72%)
Total clusters visible: 5800466
Average clusters visible: 1789
Building PAS...
Average clusters audible: 3040
visdatasize:2213687  compressed from 2644656
writing e:\gmod maps\cozysbox mobenix\mobenix_but_cooler.bsp
2 seconds elapsed



[Reading texlights from 'lights.rad']
[45 texlights parsed from 'lights.rad']

Loading e:\gmod maps\cozysbox mobenix\mobenix_but_cooler.bsp
PREP OK
15078 faces
1 degenerate faces
18837374 square feet [2712581888.00 square inches]
72 Displacements
682503 Square Feet [98280456.00 Square Inches]
15077 patches before subdivision
720015 patches after subdivision
173 direct lights
0...1...2...3...4...5...6...7...8...9...100...1...2...3...4...5...6...7...8...9...10transfers 270343892, max 3888
transfer lists: 2062.6 megs
0...1...2...3...4...5...6...7...8...9...10	Bounce #1 added RGB(5556515, 5016947, 3229421)
0...1...2...3...4...5...6...7...8...9...10	Bounce #2 added RGB(1497092, 1261190, 593991)
0...1...2...3...4...5...6...7...8...9...10	Bounce #3 added RGB(193341, 139163, 59960)
0...1...2...3...4...5...6...7...8...9...10	Bounce #4 added RGB(55138, 38984, 12121)
0...1...2...3...4...5...6...7...8...9...10	Bounce #5 added RGB(9722, 5957, 1978)
0...1...2...3...4...5...6...7...8...9...10	Bounce #6 added RGB(2814, 1695, 436)
0...1...2...3...4...5...6...7...8...9...10	Bounce #7 added RGB(662, 363, 96)
0...1...2...3...4...5...6...7...8...9...10	Bounce #8 added RGB(202, 109, 24)
0...1...2...3...4...5...6...7...8...9...10	Bounce #9 added RGB(59, 31, 6)
0...1...2...3...4...5...6...7...8...9...10	Bounce #10 added RGB(20, 10, 2)
0...1...2...3...4...5...6...7...8...9...10	Bounce #11 added RGB(7, 4, 1)
0...1...2...3...4...5...6...7...8...9...10	Bounce #12 added RGB(3, 1, 0)
0...1...2...3...4...5...6...7...8...9...10	Bounce #13 added RGB(1, 1, 0)
Build Patch/Sample Hash Table(s).....Done<1.1296 sec>
0...1...2...3...4...5...6...7...8...9...10FinalLightFace Done
0 of 0 (0% of) surface lights went in leaf ambient cubes.
0...1...2...3...4...5...6...7...8...9...10Writing leaf ambient...done
Ready to Finish

Object names       Objects/Maxobjs  Memory / Maxmem  Fullness 
------------       ---------------  ---------------  -------- 
models                  49/4096         2352/196608   ( 1.2%) 
brushes               2274/16384       27288/196608   (13.9%) 
brushsides           15436/65536      123488/524288   (23.6%) 
planes                5314/65536      106280/1310720  ( 8.1%) 
vertexes             20407/65536      244884/786432   (31.1%) 
nodes                 7515/65536      240480/2097152  (11.5%) 
texinfos              1435/12288      103320/884736   (11.7%) 
texdata                119/2048         3808/65536    ( 5.8%) 
dispinfos               72/0           12672/0        ( 0.0%) 
disp_verts            5456/0          109120/0        ( 0.0%) 
disp_tris             8736/0           17472/0        ( 0.0%) 
disp_lmsamples     1118211/0         1118211/0        ( 0.0%) 
faces                15078/65536      844368/3670016  (23.0%) 
hdr faces                0/65536           0/3670016  ( 0.0%) 
origfaces             5187/65536      290472/3670016  ( 7.9%) 
leaves                7565/65536      242080/2097152  (11.5%) 
leaffaces            16664/65536       33328/131072   (25.4%) 
leafbrushes           6914/65536       13828/131072   (10.5%) 
areas                    4/1024           32/8192     ( 0.4%) 
surfedges            90088/512000     360352/2048000  (17.6%) 
edges                51525/256000     206100/1024000  (20.1%) 
LDR worldlights        173/8192        15224/720896   ( 2.1%) 
HDR worldlights          0/8192            0/720896   ( 0.0%) 
leafwaterdata            1/32768          12/393216   ( 0.0%) 
waterstrips            997/32768        9970/327680   ( 3.0%) 
waterverts               0/65536           0/786432   ( 0.0%) 
waterindices         16311/65536       32622/131072   (24.9%) 
cubemapsamples           0/1024            0/16384    ( 0.0%) 
overlays                 1/512           352/180224   ( 0.2%) 
LDR lightdata         [variable]    39399104/0        ( 0.0%) 
HDR lightdata         [variable]           0/0        ( 0.0%) 
visdata               [variable]     2213687/16777216 (13.2%) 
entdata               [variable]       96775/393216   (24.6%) 
LDR ambient table     7565/65536       30260/262144   (11.5%) 
HDR ambient table     7565/65536       30260/262144   (11.5%) 
LDR leaf ambient     40688/65536     1139264/1835008  (62.1%) 
HDR leaf ambient      7565/65536      211820/1835008  (11.5%) 
occluders                0/0               0/0        ( 0.0%) 
occluder polygons        0/0               0/0        ( 0.0%) 
occluder vert ind        0/0               0/0        ( 0.0%) 
detail props          [variable]           1/12       ( 8.3%) 
static props          [variable]           1/8402     ( 0.0%) 
pakfile               [variable]        6270/0        ( 0.0%) 
physics               [variable]     1805973/4194304  (43.1%) 
physics terrain       [variable]           0/1048576  ( 0.0%) 

Level flags = 0

Total triangle count: 39194
Writing e:\gmod maps\cozysbox mobenix\mobenix_but_cooler.bsp
4 minutes, 35 seconds elapsed
